<?xml version="1.0" encoding="UTF-8"?>
<!-- Generated by org.testng.reporters.JUnitReportReporter -->
<testsuite hostname="EET-RG" name="SelectItem" tests="1" failures="0" timestamp="12 Dec 2016 09:34:01 GMT" time="25.447" errors="0">
  <testcase name="TestCase" time="25.447" classname="SelectItem"/>
</testsuite> <!-- SelectItem -->
