<?xml version="1.0" encoding="UTF-8"?>
<!-- Generated by org.testng.reporters.JUnitReportReporter -->
<testsuite hostname="EET-RG" name="testcases_dummy" tests="1" failures="0" timestamp="8 Jun 2016 06:10:23 GMT" time="10.420" errors="0">
  <testcase name="dummy" time="10.420" classname="testcases_dummy"/>
</testsuite> <!-- testcases_dummy -->
