<?xml version="1.0" encoding="UTF-8"?>
<!-- Generated by org.testng.reporters.JUnitReportReporter -->
<testsuite hostname="EET-RG" name="Testing_PSO.CreatePso" tests="1" failures="0" timestamp="4 Jun 2016 08:11:00 GMT" time="10.098" errors="0">
  <testcase name="CreateSaleOrder" time="10.098" classname="Testing_PSO.CreatePso"/>
</testsuite> <!-- Testing_PSO.CreatePso -->
