<?xml version="1.0" encoding="UTF-8"?>
<!-- Generated by org.testng.reporters.JUnitReportReporter -->
<testsuite hostname="EET-RG" name="testcases_PartsPurchaseOrder.CreatePPOTest" tests="2" failures="0" timestamp="8 Jun 2016 06:12:55 GMT" time="84.631" errors="0">
  <testcase name="CreatePPOHeader" time="43.609" classname="testcases_PartsPurchaseOrder.CreatePPOTest"/>
  <testcase name="CreatePPO" time="41.022" classname="testcases_PartsPurchaseOrder.CreatePPOTest"/>
</testsuite> <!-- testcases_PartsPurchaseOrder.CreatePPOTest -->
