<?xml version="1.0" encoding="UTF-8"?>
<!-- Generated by org.testng.reporters.JUnitReportReporter -->
<testsuite hostname="EET-RG" name="CopyOfFindLicense" tests="1" failures="0" timestamp="17 Feb 2017 05:50:03 GMT" time="6.643" errors="0">
  <testcase name="abc" time="6.643" classname="CopyOfFindLicense"/>
</testsuite> <!-- CopyOfFindLicense -->
