<?xml version="1.0" encoding="UTF-8"?>
<!-- Generated by org.testng.reporters.JUnitReportReporter -->
<testsuite hostname="EET-RG" name="HybridFrame.Execute" tests="7" failures="0" timestamp="23 Mar 2017 13:26:38 GMT" time="22.101" errors="0">
  <testcase name="getSteps" time="0.046" classname="HybridFrame.Execute"/>
  <testcase name="getSteps" time="0.217" classname="HybridFrame.Execute"/>
  <testcase name="getSteps" time="4.151" classname="HybridFrame.Execute"/>
  <testcase name="getSteps" time="0.080" classname="HybridFrame.Execute"/>
  <testcase name="getSteps" time="7.800" classname="HybridFrame.Execute"/>
  <testcase name="getSteps" time="2.259" classname="HybridFrame.Execute"/>
  <testcase name="getSteps" time="7.548" classname="HybridFrame.Execute"/>
</testsuite> <!-- HybridFrame.Execute -->
