<?xml version="1.0" encoding="UTF-8"?>
<!-- Generated by org.testng.reporters.JUnitReportReporter -->
<testsuite hostname="EET-RG" name="Utilities.ExcelRead" tests="1" failures="0" timestamp="17 Mar 2017 07:06:46 GMT" time="0.914" errors="0">
  <testcase name="excelReader" time="0.914" classname="Utilities.ExcelRead"/>
</testsuite> <!-- Utilities.ExcelRead -->
