<?xml version="1.0" encoding="UTF-8"?>
<!-- Generated by org.testng.reporters.JUnitReportReporter -->
<testsuite hostname="EET-RG" name="OpenFinanceSession.OpenFinanceSession" tests="1" failures="0" timestamp="14 Jun 2016 10:37:55 GMT" time="19.285" errors="0">
  <testcase name="openIntegrationTransactions" time="19.285" classname="OpenFinanceSession.OpenFinanceSession"/>
</testsuite> <!-- OpenFinanceSession.OpenFinanceSession -->
