<?xml version="1.0" encoding="UTF-8"?>
<!-- Generated by org.testng.reporters.JUnitReportReporter -->
<testsuite hostname="EET-RG" name="FinancePages.tp" tests="1" failures="0" timestamp="12 Apr 2017 12:35:14 GMT" time="31.207" errors="0">
  <testcase name="CheckTheExecutionModex" time="31.207" classname="FinancePages.tp"/>
</testsuite> <!-- FinancePages.tp -->
