<?xml version="1.0" encoding="UTF-8"?>
<!-- Generated by org.testng.reporters.JUnitReportReporter -->
<testsuite hostname="EET-RG" name="testcases_PartsPurchaseOrder.testincognito" tests="1" failures="0" timestamp="16 Mar 2017 05:17:30 GMT" time="7.037" errors="0">
  <testcase name="launchinco" time="7.037" classname="testcases_PartsPurchaseOrder.testincognito"/>
</testsuite> <!-- testcases_PartsPurchaseOrder.testincognito -->
